语法

    0 $accept: Program $end

    1 Program: ExtDefList

    2 ExtDefList: ExtDef ExtDefList
    3           | %empty

    4 ExtDef: Specifier ExtDecList SEMI
    5       | Specifier SEMI
    6       | Specifier FunDec SEMI
    7       | Specifier FunDec CompSt
    8       | Specifier error SEMI
    9       | error SEMI
   10       | Specifier error

   11 ExtDecList: VarDec
   12           | VarDec COMMA ExtDecList
   13           | VarDec error COMMA ExtDecList

   14 Specifier: TYPE
   15          | StructSpecifier

   16 StructSpecifier: STRUCT OptTag LC DefList RC
   17                | STRUCT Tag
   18                | STRUCT error LC DefList RC
   19                | STRUCT OptTag LC error RC
   20                | STRUCT OptTag LC error
   21                | STRUCT error

   22 OptTag: ID
   23       | %empty

   24 Tag: ID

   25 VarDec: ID
   26       | VarDec LB INT RB
   27       | VarDec LB error RB
   28       | VarDec LB error

   29 FunDec: ID LP VarList RP
   30       | ID LP RP
   31       | ID LP error RP
   32       | ID LP error

   33 VarList: ParamDec COMMA VarList
   34        | ParamDec

   35 ParamDec: Specifier VarDec

   36 CompSt: LC DefList StmtList RC

   37 StmtList: Stmt StmtList
   38         | %empty

   39 Stmt: Exp SEMI
   40     | CompSt
   41     | RETURN Exp SEMI
   42     | IF LP Exp RP Stmt
   43     | IF LP Exp RP Stmt ELSE Stmt
   44     | WHILE LP Exp RP Stmt
   45     | error SEMI
   46     | IF LP error RP Stmt
   47     | IF LP Exp RP error ELSE Stmt
   48     | IF LP error RP ELSE Stmt
   49     | error LP Exp RP Stmt

   50 DefList: Def DefList
   51        | %empty

   52 Def: Specifier DecList SEMI

   53 DecList: Dec
   54        | Dec COMMA DecList
   55        | Dec error DecList

   56 Dec: VarDec
   57    | VarDec ASSIGNOP Exp
   58    | error ASSIGNOP Exp

   59 Exp: Exp ASSIGNOP Exp
   60    | Exp AND Exp
   61    | Exp OR Exp
   62    | Exp RELOP Exp
   63    | Exp PLUS Exp
   64    | Exp MINUS Exp
   65    | Exp STAR Exp
   66    | Exp DIV Exp
   67    | LP Exp RP
   68    | MINUS Exp
   69    | NOT Exp
   70    | ID LP Args RP
   71    | ID LP RP
   72    | Exp LB Exp RB
   73    | Exp DOT ID
   74    | ID
   75    | INT
   76    | FLOAT
   77    | Exp ASSIGNOP error
   78    | Exp AND error
   79    | Exp OR error
   80    | Exp RELOP error
   81    | Exp PLUS error
   82    | Exp MINUS error
   83    | Exp STAR error
   84    | Exp DIV error
   85    | ID LP error RP
   86    | Exp LB error RB

   87 Args: Exp COMMA Args
   88     | Exp


终结语词，附有它们出现处的规则

    $end (0) 0
    error (256) 8 9 10 13 18 19 20 21 27 28 31 32 45 46 47 48 49 55 58 77 78 79 80 81 82 83 84 85 86
    INT (258) 26 75
    FLOAT (259) 76
    ID (260) 22 24 25 29 30 31 32 70 71 73 74 85
    SEMI (261) 4 5 6 8 9 39 41 45 52
    COMMA (262) 12 13 33 54 87
    ASSIGNOP (263) 57 58 59 77
    RELOP (264) 62 80
    PLUS (265) 63 81
    MINUS (266) 64 68 82
    STAR (267) 65 83
    DIV (268) 66 84
    AND (269) 60 78
    OR (270) 61 79
    DOT (271) 73
    NOT (272) 69
    TYPE (273) 14
    LP (274) 29 30 31 32 42 43 44 46 47 48 49 67 70 71 85
    RP (275) 29 30 31 42 43 44 46 47 48 49 67 70 71 85
    LB (276) 26 27 28 72 86
    RB (277) 26 27 72 86
    LC (278) 16 18 19 20 36
    RC (279) 16 18 19 36
    STRUCT (280) 16 17 18 19 20 21
    RETURN (281) 41
    IF (282) 42 43 46 47 48
    ELSE (283) 43 47 48
    WHILE (284) 44
    LOWER_THAN_ELSE (285)


非终结语词，附有它们出现处的规则

    $accept (31)
        on left: 0
    Program (32)
        on left: 1
        on right: 0
    ExtDefList (33)
        on left: 2 3
        on right: 1 2
    ExtDef (34)
        on left: 4 5 6 7 8 9 10
        on right: 2
    ExtDecList (35)
        on left: 11 12 13
        on right: 4 12 13
    Specifier (36)
        on left: 14 15
        on right: 4 5 6 7 8 10 35 52
    StructSpecifier (37)
        on left: 16 17 18 19 20 21
        on right: 15
    OptTag (38)
        on left: 22 23
        on right: 16 19 20
    Tag (39)
        on left: 24
        on right: 17
    VarDec (40)
        on left: 25 26 27 28
        on right: 11 12 13 26 27 28 35 56 57
    FunDec (41)
        on left: 29 30 31 32
        on right: 6 7
    VarList (42)
        on left: 33 34
        on right: 29 33
    ParamDec (43)
        on left: 35
        on right: 33 34
    CompSt (44)
        on left: 36
        on right: 7 40
    StmtList (45)
        on left: 37 38
        on right: 36 37
    Stmt (46)
        on left: 39 40 41 42 43 44 45 46 47 48 49
        on right: 37 42 43 44 46 47 48 49
    DefList (47)
        on left: 50 51
        on right: 16 18 36 50
    Def (48)
        on left: 52
        on right: 50
    DecList (49)
        on left: 53 54 55
        on right: 52 54 55
    Dec (50)
        on left: 56 57 58
        on right: 53 54 55
    Exp (51)
        on left: 59 60 61 62 63 64 65 66 67 68 69 70 71 72 73 74 75 76 77 78 79 80 81 82 83 84 85 86
        on right: 39 41 42 43 44 47 49 57 58 59 60 61 62 63 64 65 66 67 68 69 72 73 77 78 79 80 81 82 83 84 86 87 88
    Args (52)
        on left: 87 88
        on right: 70 87


状态 0

    0 $accept: . Program $end

    error   偏移，并进入状态 1
    TYPE    偏移，并进入状态 2
    STRUCT  偏移，并进入状态 3

    $end  使用规则 3 以归约 (ExtDefList)

    Program          转到状态 4
    ExtDefList       转到状态 5
    ExtDef           转到状态 6
    Specifier        转到状态 7
    StructSpecifier  转到状态 8


状态 1

    9 ExtDef: error . SEMI

    SEMI  偏移，并进入状态 9


状态 2

   14 Specifier: TYPE .

    $default  使用规则 14 以归约 (Specifier)


状态 3

   16 StructSpecifier: STRUCT . OptTag LC DefList RC
   17                | STRUCT . Tag
   18                | STRUCT . error LC DefList RC
   19                | STRUCT . OptTag LC error RC
   20                | STRUCT . OptTag LC error
   21                | STRUCT . error

    error  偏移，并进入状态 10
    ID     偏移，并进入状态 11

    LC  使用规则 23 以归约 (OptTag)

    OptTag  转到状态 12
    Tag     转到状态 13


状态 4

    0 $accept: Program . $end

    $end  偏移，并进入状态 14


状态 5

    1 Program: ExtDefList .

    $default  使用规则 1 以归约 (Program)


状态 6

    2 ExtDefList: ExtDef . ExtDefList

    error   偏移，并进入状态 1
    TYPE    偏移，并进入状态 2
    STRUCT  偏移，并进入状态 3

    $end  使用规则 3 以归约 (ExtDefList)

    ExtDefList       转到状态 15
    ExtDef           转到状态 6
    Specifier        转到状态 7
    StructSpecifier  转到状态 8


状态 7

    4 ExtDef: Specifier . ExtDecList SEMI
    5       | Specifier . SEMI
    6       | Specifier . FunDec SEMI
    7       | Specifier . FunDec CompSt
    8       | Specifier . error SEMI
   10       | Specifier . error

    error  偏移，并进入状态 16
    ID     偏移，并进入状态 17
    SEMI   偏移，并进入状态 18

    ExtDecList  转到状态 19
    VarDec      转到状态 20
    FunDec      转到状态 21


状态 8

   15 Specifier: StructSpecifier .

    $default  使用规则 15 以归约 (Specifier)


状态 9

    9 ExtDef: error SEMI .

    $default  使用规则 9 以归约 (ExtDef)


状态 10

   18 StructSpecifier: STRUCT error . LC DefList RC
   21                | STRUCT error .

    LC  偏移，并进入状态 22

    $default  使用规则 21 以归约 (StructSpecifier)


状态 11

   22 OptTag: ID .
   24 Tag: ID .

    LC        使用规则 22 以归约 (OptTag)
    $default  使用规则 24 以归约 (Tag)


状态 12

   16 StructSpecifier: STRUCT OptTag . LC DefList RC
   19                | STRUCT OptTag . LC error RC
   20                | STRUCT OptTag . LC error

    LC  偏移，并进入状态 23


状态 13

   17 StructSpecifier: STRUCT Tag .

    $default  使用规则 17 以归约 (StructSpecifier)


状态 14

    0 $accept: Program $end .

    $default  接受


状态 15

    2 ExtDefList: ExtDef ExtDefList .

    $default  使用规则 2 以归约 (ExtDefList)


状态 16

    8 ExtDef: Specifier error . SEMI
   10       | Specifier error .

    SEMI  偏移，并进入状态 24

    $default  使用规则 10 以归约 (ExtDef)


状态 17

   25 VarDec: ID .
   29 FunDec: ID . LP VarList RP
   30       | ID . LP RP
   31       | ID . LP error RP
   32       | ID . LP error

    LP  偏移，并进入状态 25

    $default  使用规则 25 以归约 (VarDec)


状态 18

    5 ExtDef: Specifier SEMI .

    $default  使用规则 5 以归约 (ExtDef)


状态 19

    4 ExtDef: Specifier ExtDecList . SEMI

    SEMI  偏移，并进入状态 26


状态 20

   11 ExtDecList: VarDec .
   12           | VarDec . COMMA ExtDecList
   13           | VarDec . error COMMA ExtDecList
   26 VarDec: VarDec . LB INT RB
   27       | VarDec . LB error RB
   28       | VarDec . LB error

    error  偏移，并进入状态 27
    COMMA  偏移，并进入状态 28
    LB     偏移，并进入状态 29

    SEMI  使用规则 11 以归约 (ExtDecList)


状态 21

    6 ExtDef: Specifier FunDec . SEMI
    7       | Specifier FunDec . CompSt

    SEMI  偏移，并进入状态 30
    LC    偏移，并进入状态 31

    CompSt  转到状态 32


状态 22

   18 StructSpecifier: STRUCT error LC . DefList RC

    TYPE    偏移，并进入状态 2
    STRUCT  偏移，并进入状态 3

    $default  使用规则 51 以归约 (DefList)

    Specifier        转到状态 33
    StructSpecifier  转到状态 8
    DefList          转到状态 34
    Def              转到状态 35


状态 23

   16 StructSpecifier: STRUCT OptTag LC . DefList RC
   19                | STRUCT OptTag LC . error RC
   20                | STRUCT OptTag LC . error

    error   偏移，并进入状态 36
    TYPE    偏移，并进入状态 2
    STRUCT  偏移，并进入状态 3

    RC  使用规则 51 以归约 (DefList)

    Specifier        转到状态 33
    StructSpecifier  转到状态 8
    DefList          转到状态 37
    Def              转到状态 35


状态 24

    8 ExtDef: Specifier error SEMI .

    $default  使用规则 8 以归约 (ExtDef)


状态 25

   29 FunDec: ID LP . VarList RP
   30       | ID LP . RP
   31       | ID LP . error RP
   32       | ID LP . error

    error   偏移，并进入状态 38
    TYPE    偏移，并进入状态 2
    RP      偏移，并进入状态 39
    STRUCT  偏移，并进入状态 3

    Specifier        转到状态 40
    StructSpecifier  转到状态 8
    VarList          转到状态 41
    ParamDec         转到状态 42


状态 26

    4 ExtDef: Specifier ExtDecList SEMI .

    $default  使用规则 4 以归约 (ExtDef)


状态 27

   13 ExtDecList: VarDec error . COMMA ExtDecList

    COMMA  偏移，并进入状态 43


状态 28

   12 ExtDecList: VarDec COMMA . ExtDecList

    ID  偏移，并进入状态 44

    ExtDecList  转到状态 45
    VarDec      转到状态 20


状态 29

   26 VarDec: VarDec LB . INT RB
   27       | VarDec LB . error RB
   28       | VarDec LB . error

    error  偏移，并进入状态 46
    INT    偏移，并进入状态 47


状态 30

    6 ExtDef: Specifier FunDec SEMI .

    $default  使用规则 6 以归约 (ExtDef)


状态 31

   36 CompSt: LC . DefList StmtList RC

    TYPE    偏移，并进入状态 2
    STRUCT  偏移，并进入状态 3

    $default  使用规则 51 以归约 (DefList)

    Specifier        转到状态 33
    StructSpecifier  转到状态 8
    DefList          转到状态 48
    Def              转到状态 35


状态 32

    7 ExtDef: Specifier FunDec CompSt .

    $default  使用规则 7 以归约 (ExtDef)


状态 33

   52 Def: Specifier . DecList SEMI

    error  偏移，并进入状态 49
    ID     偏移，并进入状态 44

    VarDec   转到状态 50
    DecList  转到状态 51
    Dec      转到状态 52


状态 34

   18 StructSpecifier: STRUCT error LC DefList . RC

    RC  偏移，并进入状态 53


状态 35

   50 DefList: Def . DefList

    TYPE    偏移，并进入状态 2
    STRUCT  偏移，并进入状态 3

    $default  使用规则 51 以归约 (DefList)

    Specifier        转到状态 33
    StructSpecifier  转到状态 8
    DefList          转到状态 54
    Def              转到状态 35


状态 36

   19 StructSpecifier: STRUCT OptTag LC error . RC
   20                | STRUCT OptTag LC error .

    RC  偏移，并进入状态 55

    $default  使用规则 20 以归约 (StructSpecifier)


状态 37

   16 StructSpecifier: STRUCT OptTag LC DefList . RC

    RC  偏移，并进入状态 56


状态 38

   31 FunDec: ID LP error . RP
   32       | ID LP error .

    RP  偏移，并进入状态 57

    $default  使用规则 32 以归约 (FunDec)


状态 39

   30 FunDec: ID LP RP .

    $default  使用规则 30 以归约 (FunDec)


状态 40

   35 ParamDec: Specifier . VarDec

    ID  偏移，并进入状态 44

    VarDec  转到状态 58


状态 41

   29 FunDec: ID LP VarList . RP

    RP  偏移，并进入状态 59


状态 42

   33 VarList: ParamDec . COMMA VarList
   34        | ParamDec .

    COMMA  偏移，并进入状态 60

    $default  使用规则 34 以归约 (VarList)


状态 43

   13 ExtDecList: VarDec error COMMA . ExtDecList

    ID  偏移，并进入状态 44

    ExtDecList  转到状态 61
    VarDec      转到状态 20


状态 44

   25 VarDec: ID .

    $default  使用规则 25 以归约 (VarDec)


状态 45

   12 ExtDecList: VarDec COMMA ExtDecList .

    $default  使用规则 12 以归约 (ExtDecList)


状态 46

   27 VarDec: VarDec LB error . RB
   28       | VarDec LB error .

    RB  偏移，并进入状态 62

    $default  使用规则 28 以归约 (VarDec)


状态 47

   26 VarDec: VarDec LB INT . RB

    RB  偏移，并进入状态 63


状态 48

   36 CompSt: LC DefList . StmtList RC

    error   偏移，并进入状态 64
    INT     偏移，并进入状态 65
    FLOAT   偏移，并进入状态 66
    ID      偏移，并进入状态 67
    MINUS   偏移，并进入状态 68
    NOT     偏移，并进入状态 69
    LP      偏移，并进入状态 70
    LC      偏移，并进入状态 31
    RETURN  偏移，并进入状态 71
    IF      偏移，并进入状态 72
    WHILE   偏移，并进入状态 73

    RC  使用规则 38 以归约 (StmtList)

    CompSt    转到状态 74
    StmtList  转到状态 75
    Stmt      转到状态 76
    Exp       转到状态 77


状态 49

   58 Dec: error . ASSIGNOP Exp

    ASSIGNOP  偏移，并进入状态 78


状态 50

   26 VarDec: VarDec . LB INT RB
   27       | VarDec . LB error RB
   28       | VarDec . LB error
   56 Dec: VarDec .
   57    | VarDec . ASSIGNOP Exp

    ASSIGNOP  偏移，并进入状态 79
    LB        偏移，并进入状态 29

    $default  使用规则 56 以归约 (Dec)


状态 51

   52 Def: Specifier DecList . SEMI

    SEMI  偏移，并进入状态 80


状态 52

   53 DecList: Dec .
   54        | Dec . COMMA DecList
   55        | Dec . error DecList

    error  偏移，并进入状态 81
    COMMA  偏移，并进入状态 82

    SEMI  使用规则 53 以归约 (DecList)


状态 53

   18 StructSpecifier: STRUCT error LC DefList RC .

    $default  使用规则 18 以归约 (StructSpecifier)


状态 54

   50 DefList: Def DefList .

    $default  使用规则 50 以归约 (DefList)


状态 55

   19 StructSpecifier: STRUCT OptTag LC error RC .

    $default  使用规则 19 以归约 (StructSpecifier)


状态 56

   16 StructSpecifier: STRUCT OptTag LC DefList RC .

    $default  使用规则 16 以归约 (StructSpecifier)


状态 57

   31 FunDec: ID LP error RP .

    $default  使用规则 31 以归约 (FunDec)


状态 58

   26 VarDec: VarDec . LB INT RB
   27       | VarDec . LB error RB
   28       | VarDec . LB error
   35 ParamDec: Specifier VarDec .

    LB  偏移，并进入状态 29

    $default  使用规则 35 以归约 (ParamDec)


状态 59

   29 FunDec: ID LP VarList RP .

    $default  使用规则 29 以归约 (FunDec)


状态 60

   33 VarList: ParamDec COMMA . VarList

    TYPE    偏移，并进入状态 2
    STRUCT  偏移，并进入状态 3

    Specifier        转到状态 40
    StructSpecifier  转到状态 8
    VarList          转到状态 83
    ParamDec         转到状态 42


状态 61

   13 ExtDecList: VarDec error COMMA ExtDecList .

    $default  使用规则 13 以归约 (ExtDecList)


状态 62

   27 VarDec: VarDec LB error RB .

    $default  使用规则 27 以归约 (VarDec)


状态 63

   26 VarDec: VarDec LB INT RB .

    $default  使用规则 26 以归约 (VarDec)


状态 64

   45 Stmt: error . SEMI
   49     | error . LP Exp RP Stmt

    SEMI  偏移，并进入状态 84
    LP    偏移，并进入状态 85


状态 65

   75 Exp: INT .

    $default  使用规则 75 以归约 (Exp)


状态 66

   76 Exp: FLOAT .

    $default  使用规则 76 以归约 (Exp)


状态 67

   70 Exp: ID . LP Args RP
   71    | ID . LP RP
   74    | ID .
   85    | ID . LP error RP

    LP  偏移，并进入状态 86

    $default  使用规则 74 以归约 (Exp)


状态 68

   68 Exp: MINUS . Exp

    INT    偏移，并进入状态 65
    FLOAT  偏移，并进入状态 66
    ID     偏移，并进入状态 67
    MINUS  偏移，并进入状态 68
    NOT    偏移，并进入状态 69
    LP     偏移，并进入状态 70

    Exp  转到状态 87


状态 69

   69 Exp: NOT . Exp

    INT    偏移，并进入状态 65
    FLOAT  偏移，并进入状态 66
    ID     偏移，并进入状态 67
    MINUS  偏移，并进入状态 68
    NOT    偏移，并进入状态 69
    LP     偏移，并进入状态 70

    Exp  转到状态 88


状态 70

   67 Exp: LP . Exp RP

    INT    偏移，并进入状态 65
    FLOAT  偏移，并进入状态 66
    ID     偏移，并进入状态 67
    MINUS  偏移，并进入状态 68
    NOT    偏移，并进入状态 69
    LP     偏移，并进入状态 70

    Exp  转到状态 89


状态 71

   41 Stmt: RETURN . Exp SEMI

    INT    偏移，并进入状态 65
    FLOAT  偏移，并进入状态 66
    ID     偏移，并进入状态 67
    MINUS  偏移，并进入状态 68
    NOT    偏移，并进入状态 69
    LP     偏移，并进入状态 70

    Exp  转到状态 90


状态 72

   42 Stmt: IF . LP Exp RP Stmt
   43     | IF . LP Exp RP Stmt ELSE Stmt
   46     | IF . LP error RP Stmt
   47     | IF . LP Exp RP error ELSE Stmt
   48     | IF . LP error RP ELSE Stmt

    LP  偏移，并进入状态 91


状态 73

   44 Stmt: WHILE . LP Exp RP Stmt

    LP  偏移，并进入状态 92


状态 74

   40 Stmt: CompSt .

    $default  使用规则 40 以归约 (Stmt)


状态 75

   36 CompSt: LC DefList StmtList . RC

    RC  偏移，并进入状态 93


状态 76

   37 StmtList: Stmt . StmtList

    error   偏移，并进入状态 64
    INT     偏移，并进入状态 65
    FLOAT   偏移，并进入状态 66
    ID      偏移，并进入状态 67
    MINUS   偏移，并进入状态 68
    NOT     偏移，并进入状态 69
    LP      偏移，并进入状态 70
    LC      偏移，并进入状态 31
    RETURN  偏移，并进入状态 71
    IF      偏移，并进入状态 72
    WHILE   偏移，并进入状态 73

    RC  使用规则 38 以归约 (StmtList)

    CompSt    转到状态 74
    StmtList  转到状态 94
    Stmt      转到状态 76
    Exp       转到状态 77


状态 77

   39 Stmt: Exp . SEMI
   59 Exp: Exp . ASSIGNOP Exp
   60    | Exp . AND Exp
   61    | Exp . OR Exp
   62    | Exp . RELOP Exp
   63    | Exp . PLUS Exp
   64    | Exp . MINUS Exp
   65    | Exp . STAR Exp
   66    | Exp . DIV Exp
   72    | Exp . LB Exp RB
   73    | Exp . DOT ID
   77    | Exp . ASSIGNOP error
   78    | Exp . AND error
   79    | Exp . OR error
   80    | Exp . RELOP error
   81    | Exp . PLUS error
   82    | Exp . MINUS error
   83    | Exp . STAR error
   84    | Exp . DIV error
   86    | Exp . LB error RB

    SEMI      偏移，并进入状态 95
    ASSIGNOP  偏移，并进入状态 96
    RELOP     偏移，并进入状态 97
    PLUS      偏移，并进入状态 98
    MINUS     偏移，并进入状态 99
    STAR      偏移，并进入状态 100
    DIV       偏移，并进入状态 101
    AND       偏移，并进入状态 102
    OR        偏移，并进入状态 103
    DOT       偏移，并进入状态 104
    LB        偏移，并进入状态 105


状态 78

   58 Dec: error ASSIGNOP . Exp

    INT    偏移，并进入状态 65
    FLOAT  偏移，并进入状态 66
    ID     偏移，并进入状态 67
    MINUS  偏移，并进入状态 68
    NOT    偏移，并进入状态 69
    LP     偏移，并进入状态 70

    Exp  转到状态 106


状态 79

   57 Dec: VarDec ASSIGNOP . Exp

    INT    偏移，并进入状态 65
    FLOAT  偏移，并进入状态 66
    ID     偏移，并进入状态 67
    MINUS  偏移，并进入状态 68
    NOT    偏移，并进入状态 69
    LP     偏移，并进入状态 70

    Exp  转到状态 107


状态 80

   52 Def: Specifier DecList SEMI .

    $default  使用规则 52 以归约 (Def)


状态 81

   55 DecList: Dec error . DecList

    error  偏移，并进入状态 49
    ID     偏移，并进入状态 44

    VarDec   转到状态 50
    DecList  转到状态 108
    Dec      转到状态 52


状态 82

   54 DecList: Dec COMMA . DecList

    error  偏移，并进入状态 49
    ID     偏移，并进入状态 44

    VarDec   转到状态 50
    DecList  转到状态 109
    Dec      转到状态 52


状态 83

   33 VarList: ParamDec COMMA VarList .

    $default  使用规则 33 以归约 (VarList)


状态 84

   45 Stmt: error SEMI .

    $default  使用规则 45 以归约 (Stmt)


状态 85

   49 Stmt: error LP . Exp RP Stmt

    INT    偏移，并进入状态 65
    FLOAT  偏移，并进入状态 66
    ID     偏移，并进入状态 67
    MINUS  偏移，并进入状态 68
    NOT    偏移，并进入状态 69
    LP     偏移，并进入状态 70

    Exp  转到状态 110


状态 86

   70 Exp: ID LP . Args RP
   71    | ID LP . RP
   85    | ID LP . error RP

    error  偏移，并进入状态 111
    INT    偏移，并进入状态 65
    FLOAT  偏移，并进入状态 66
    ID     偏移，并进入状态 67
    MINUS  偏移，并进入状态 68
    NOT    偏移，并进入状态 69
    LP     偏移，并进入状态 70
    RP     偏移，并进入状态 112

    Exp   转到状态 113
    Args  转到状态 114


状态 87

   59 Exp: Exp . ASSIGNOP Exp
   60    | Exp . AND Exp
   61    | Exp . OR Exp
   62    | Exp . RELOP Exp
   63    | Exp . PLUS Exp
   64    | Exp . MINUS Exp
   65    | Exp . STAR Exp
   66    | Exp . DIV Exp
   68    | MINUS Exp .
   72    | Exp . LB Exp RB
   73    | Exp . DOT ID
   77    | Exp . ASSIGNOP error
   78    | Exp . AND error
   79    | Exp . OR error
   80    | Exp . RELOP error
   81    | Exp . PLUS error
   82    | Exp . MINUS error
   83    | Exp . STAR error
   84    | Exp . DIV error
   86    | Exp . LB error RB

    STAR  偏移，并进入状态 100
    DIV   偏移，并进入状态 101
    DOT   偏移，并进入状态 104
    LB    偏移，并进入状态 105

    $default  使用规则 68 以归约 (Exp)


状态 88

   59 Exp: Exp . ASSIGNOP Exp
   60    | Exp . AND Exp
   61    | Exp . OR Exp
   62    | Exp . RELOP Exp
   63    | Exp . PLUS Exp
   64    | Exp . MINUS Exp
   65    | Exp . STAR Exp
   66    | Exp . DIV Exp
   69    | NOT Exp .
   72    | Exp . LB Exp RB
   73    | Exp . DOT ID
   77    | Exp . ASSIGNOP error
   78    | Exp . AND error
   79    | Exp . OR error
   80    | Exp . RELOP error
   81    | Exp . PLUS error
   82    | Exp . MINUS error
   83    | Exp . STAR error
   84    | Exp . DIV error
   86    | Exp . LB error RB

    DOT  偏移，并进入状态 104
    LB   偏移，并进入状态 105

    $default  使用规则 69 以归约 (Exp)


状态 89

   59 Exp: Exp . ASSIGNOP Exp
   60    | Exp . AND Exp
   61    | Exp . OR Exp
   62    | Exp . RELOP Exp
   63    | Exp . PLUS Exp
   64    | Exp . MINUS Exp
   65    | Exp . STAR Exp
   66    | Exp . DIV Exp
   67    | LP Exp . RP
   72    | Exp . LB Exp RB
   73    | Exp . DOT ID
   77    | Exp . ASSIGNOP error
   78    | Exp . AND error
   79    | Exp . OR error
   80    | Exp . RELOP error
   81    | Exp . PLUS error
   82    | Exp . MINUS error
   83    | Exp . STAR error
   84    | Exp . DIV error
   86    | Exp . LB error RB

    ASSIGNOP  偏移，并进入状态 96
    RELOP     偏移，并进入状态 97
    PLUS      偏移，并进入状态 98
    MINUS     偏移，并进入状态 99
    STAR      偏移，并进入状态 100
    DIV       偏移，并进入状态 101
    AND       偏移，并进入状态 102
    OR        偏移，并进入状态 103
    DOT       偏移，并进入状态 104
    RP        偏移，并进入状态 115
    LB        偏移，并进入状态 105


状态 90

   41 Stmt: RETURN Exp . SEMI
   59 Exp: Exp . ASSIGNOP Exp
   60    | Exp . AND Exp
   61    | Exp . OR Exp
   62    | Exp . RELOP Exp
   63    | Exp . PLUS Exp
   64    | Exp . MINUS Exp
   65    | Exp . STAR Exp
   66    | Exp . DIV Exp
   72    | Exp . LB Exp RB
   73    | Exp . DOT ID
   77    | Exp . ASSIGNOP error
   78    | Exp . AND error
   79    | Exp . OR error
   80    | Exp . RELOP error
   81    | Exp . PLUS error
   82    | Exp . MINUS error
   83    | Exp . STAR error
   84    | Exp . DIV error
   86    | Exp . LB error RB

    SEMI      偏移，并进入状态 116
    ASSIGNOP  偏移，并进入状态 96
    RELOP     偏移，并进入状态 97
    PLUS      偏移，并进入状态 98
    MINUS     偏移，并进入状态 99
    STAR      偏移，并进入状态 100
    DIV       偏移，并进入状态 101
    AND       偏移，并进入状态 102
    OR        偏移，并进入状态 103
    DOT       偏移，并进入状态 104
    LB        偏移，并进入状态 105


状态 91

   42 Stmt: IF LP . Exp RP Stmt
   43     | IF LP . Exp RP Stmt ELSE Stmt
   46     | IF LP . error RP Stmt
   47     | IF LP . Exp RP error ELSE Stmt
   48     | IF LP . error RP ELSE Stmt

    error  偏移，并进入状态 117
    INT    偏移，并进入状态 65
    FLOAT  偏移，并进入状态 66
    ID     偏移，并进入状态 67
    MINUS  偏移，并进入状态 68
    NOT    偏移，并进入状态 69
    LP     偏移，并进入状态 70

    Exp  转到状态 118


状态 92

   44 Stmt: WHILE LP . Exp RP Stmt

    INT    偏移，并进入状态 65
    FLOAT  偏移，并进入状态 66
    ID     偏移，并进入状态 67
    MINUS  偏移，并进入状态 68
    NOT    偏移，并进入状态 69
    LP     偏移，并进入状态 70

    Exp  转到状态 119


状态 93

   36 CompSt: LC DefList StmtList RC .

    $default  使用规则 36 以归约 (CompSt)


状态 94

   37 StmtList: Stmt StmtList .

    $default  使用规则 37 以归约 (StmtList)


状态 95

   39 Stmt: Exp SEMI .

    $default  使用规则 39 以归约 (Stmt)


状态 96

   59 Exp: Exp ASSIGNOP . Exp
   77    | Exp ASSIGNOP . error

    error  偏移，并进入状态 120
    INT    偏移，并进入状态 65
    FLOAT  偏移，并进入状态 66
    ID     偏移，并进入状态 67
    MINUS  偏移，并进入状态 68
    NOT    偏移，并进入状态 69
    LP     偏移，并进入状态 70

    Exp  转到状态 121


状态 97

   62 Exp: Exp RELOP . Exp
   80    | Exp RELOP . error

    error  偏移，并进入状态 122
    INT    偏移，并进入状态 65
    FLOAT  偏移，并进入状态 66
    ID     偏移，并进入状态 67
    MINUS  偏移，并进入状态 68
    NOT    偏移，并进入状态 69
    LP     偏移，并进入状态 70

    Exp  转到状态 123


状态 98

   63 Exp: Exp PLUS . Exp
   81    | Exp PLUS . error

    error  偏移，并进入状态 124
    INT    偏移，并进入状态 65
    FLOAT  偏移，并进入状态 66
    ID     偏移，并进入状态 67
    MINUS  偏移，并进入状态 68
    NOT    偏移，并进入状态 69
    LP     偏移，并进入状态 70

    Exp  转到状态 125


状态 99

   64 Exp: Exp MINUS . Exp
   82    | Exp MINUS . error

    error  偏移，并进入状态 126
    INT    偏移，并进入状态 65
    FLOAT  偏移，并进入状态 66
    ID     偏移，并进入状态 67
    MINUS  偏移，并进入状态 68
    NOT    偏移，并进入状态 69
    LP     偏移，并进入状态 70

    Exp  转到状态 127


状态 100

   65 Exp: Exp STAR . Exp
   83    | Exp STAR . error

    error  偏移，并进入状态 128
    INT    偏移，并进入状态 65
    FLOAT  偏移，并进入状态 66
    ID     偏移，并进入状态 67
    MINUS  偏移，并进入状态 68
    NOT    偏移，并进入状态 69
    LP     偏移，并进入状态 70

    Exp  转到状态 129


状态 101

   66 Exp: Exp DIV . Exp
   84    | Exp DIV . error

    error  偏移，并进入状态 130
    INT    偏移，并进入状态 65
    FLOAT  偏移，并进入状态 66
    ID     偏移，并进入状态 67
    MINUS  偏移，并进入状态 68
    NOT    偏移，并进入状态 69
    LP     偏移，并进入状态 70

    Exp  转到状态 131


状态 102

   60 Exp: Exp AND . Exp
   78    | Exp AND . error

    error  偏移，并进入状态 132
    INT    偏移，并进入状态 65
    FLOAT  偏移，并进入状态 66
    ID     偏移，并进入状态 67
    MINUS  偏移，并进入状态 68
    NOT    偏移，并进入状态 69
    LP     偏移，并进入状态 70

    Exp  转到状态 133


状态 103

   61 Exp: Exp OR . Exp
   79    | Exp OR . error

    error  偏移，并进入状态 134
    INT    偏移，并进入状态 65
    FLOAT  偏移，并进入状态 66
    ID     偏移，并进入状态 67
    MINUS  偏移，并进入状态 68
    NOT    偏移，并进入状态 69
    LP     偏移，并进入状态 70

    Exp  转到状态 135


状态 104

   73 Exp: Exp DOT . ID

    ID  偏移，并进入状态 136


状态 105

   72 Exp: Exp LB . Exp RB
   86    | Exp LB . error RB

    error  偏移，并进入状态 137
    INT    偏移，并进入状态 65
    FLOAT  偏移，并进入状态 66
    ID     偏移，并进入状态 67
    MINUS  偏移，并进入状态 68
    NOT    偏移，并进入状态 69
    LP     偏移，并进入状态 70

    Exp  转到状态 138


状态 106

   58 Dec: error ASSIGNOP Exp .
   59 Exp: Exp . ASSIGNOP Exp
   60    | Exp . AND Exp
   61    | Exp . OR Exp
   62    | Exp . RELOP Exp
   63    | Exp . PLUS Exp
   64    | Exp . MINUS Exp
   65    | Exp . STAR Exp
   66    | Exp . DIV Exp
   72    | Exp . LB Exp RB
   73    | Exp . DOT ID
   77    | Exp . ASSIGNOP error
   78    | Exp . AND error
   79    | Exp . OR error
   80    | Exp . RELOP error
   81    | Exp . PLUS error
   82    | Exp . MINUS error
   83    | Exp . STAR error
   84    | Exp . DIV error
   86    | Exp . LB error RB

    ASSIGNOP  偏移，并进入状态 96
    RELOP     偏移，并进入状态 97
    PLUS      偏移，并进入状态 98
    MINUS     偏移，并进入状态 99
    STAR      偏移，并进入状态 100
    DIV       偏移，并进入状态 101
    AND       偏移，并进入状态 102
    OR        偏移，并进入状态 103
    DOT       偏移，并进入状态 104
    LB        偏移，并进入状态 105

    $default  使用规则 58 以归约 (Dec)


状态 107

   57 Dec: VarDec ASSIGNOP Exp .
   59 Exp: Exp . ASSIGNOP Exp
   60    | Exp . AND Exp
   61    | Exp . OR Exp
   62    | Exp . RELOP Exp
   63    | Exp . PLUS Exp
   64    | Exp . MINUS Exp
   65    | Exp . STAR Exp
   66    | Exp . DIV Exp
   72    | Exp . LB Exp RB
   73    | Exp . DOT ID
   77    | Exp . ASSIGNOP error
   78    | Exp . AND error
   79    | Exp . OR error
   80    | Exp . RELOP error
   81    | Exp . PLUS error
   82    | Exp . MINUS error
   83    | Exp . STAR error
   84    | Exp . DIV error
   86    | Exp . LB error RB

    ASSIGNOP  偏移，并进入状态 96
    RELOP     偏移，并进入状态 97
    PLUS      偏移，并进入状态 98
    MINUS     偏移，并进入状态 99
    STAR      偏移，并进入状态 100
    DIV       偏移，并进入状态 101
    AND       偏移，并进入状态 102
    OR        偏移，并进入状态 103
    DOT       偏移，并进入状态 104
    LB        偏移，并进入状态 105

    $default  使用规则 57 以归约 (Dec)


状态 108

   55 DecList: Dec error DecList .

    $default  使用规则 55 以归约 (DecList)


状态 109

   54 DecList: Dec COMMA DecList .

    $default  使用规则 54 以归约 (DecList)


状态 110

   49 Stmt: error LP Exp . RP Stmt
   59 Exp: Exp . ASSIGNOP Exp
   60    | Exp . AND Exp
   61    | Exp . OR Exp
   62    | Exp . RELOP Exp
   63    | Exp . PLUS Exp
   64    | Exp . MINUS Exp
   65    | Exp . STAR Exp
   66    | Exp . DIV Exp
   72    | Exp . LB Exp RB
   73    | Exp . DOT ID
   77    | Exp . ASSIGNOP error
   78    | Exp . AND error
   79    | Exp . OR error
   80    | Exp . RELOP error
   81    | Exp . PLUS error
   82    | Exp . MINUS error
   83    | Exp . STAR error
   84    | Exp . DIV error
   86    | Exp . LB error RB

    ASSIGNOP  偏移，并进入状态 96
    RELOP     偏移，并进入状态 97
    PLUS      偏移，并进入状态 98
    MINUS     偏移，并进入状态 99
    STAR      偏移，并进入状态 100
    DIV       偏移，并进入状态 101
    AND       偏移，并进入状态 102
    OR        偏移，并进入状态 103
    DOT       偏移，并进入状态 104
    RP        偏移，并进入状态 139
    LB        偏移，并进入状态 105


状态 111

   85 Exp: ID LP error . RP

    RP  偏移，并进入状态 140


状态 112

   71 Exp: ID LP RP .

    $default  使用规则 71 以归约 (Exp)


状态 113

   59 Exp: Exp . ASSIGNOP Exp
   60    | Exp . AND Exp
   61    | Exp . OR Exp
   62    | Exp . RELOP Exp
   63    | Exp . PLUS Exp
   64    | Exp . MINUS Exp
   65    | Exp . STAR Exp
   66    | Exp . DIV Exp
   72    | Exp . LB Exp RB
   73    | Exp . DOT ID
   77    | Exp . ASSIGNOP error
   78    | Exp . AND error
   79    | Exp . OR error
   80    | Exp . RELOP error
   81    | Exp . PLUS error
   82    | Exp . MINUS error
   83    | Exp . STAR error
   84    | Exp . DIV error
   86    | Exp . LB error RB
   87 Args: Exp . COMMA Args
   88     | Exp .

    COMMA     偏移，并进入状态 141
    ASSIGNOP  偏移，并进入状态 96
    RELOP     偏移，并进入状态 97
    PLUS      偏移，并进入状态 98
    MINUS     偏移，并进入状态 99
    STAR      偏移，并进入状态 100
    DIV       偏移，并进入状态 101
    AND       偏移，并进入状态 102
    OR        偏移，并进入状态 103
    DOT       偏移，并进入状态 104
    LB        偏移，并进入状态 105

    $default  使用规则 88 以归约 (Args)


状态 114

   70 Exp: ID LP Args . RP

    RP  偏移，并进入状态 142


状态 115

   67 Exp: LP Exp RP .

    $default  使用规则 67 以归约 (Exp)


状态 116

   41 Stmt: RETURN Exp SEMI .

    $default  使用规则 41 以归约 (Stmt)


状态 117

   46 Stmt: IF LP error . RP Stmt
   48     | IF LP error . RP ELSE Stmt

    RP  偏移，并进入状态 143


状态 118

   42 Stmt: IF LP Exp . RP Stmt
   43     | IF LP Exp . RP Stmt ELSE Stmt
   47     | IF LP Exp . RP error ELSE Stmt
   59 Exp: Exp . ASSIGNOP Exp
   60    | Exp . AND Exp
   61    | Exp . OR Exp
   62    | Exp . RELOP Exp
   63    | Exp . PLUS Exp
   64    | Exp . MINUS Exp
   65    | Exp . STAR Exp
   66    | Exp . DIV Exp
   72    | Exp . LB Exp RB
   73    | Exp . DOT ID
   77    | Exp . ASSIGNOP error
   78    | Exp . AND error
   79    | Exp . OR error
   80    | Exp . RELOP error
   81    | Exp . PLUS error
   82    | Exp . MINUS error
   83    | Exp . STAR error
   84    | Exp . DIV error
   86    | Exp . LB error RB

    ASSIGNOP  偏移，并进入状态 96
    RELOP     偏移，并进入状态 97
    PLUS      偏移，并进入状态 98
    MINUS     偏移，并进入状态 99
    STAR      偏移，并进入状态 100
    DIV       偏移，并进入状态 101
    AND       偏移，并进入状态 102
    OR        偏移，并进入状态 103
    DOT       偏移，并进入状态 104
    RP        偏移，并进入状态 144
    LB        偏移，并进入状态 105


状态 119

   44 Stmt: WHILE LP Exp . RP Stmt
   59 Exp: Exp . ASSIGNOP Exp
   60    | Exp . AND Exp
   61    | Exp . OR Exp
   62    | Exp . RELOP Exp
   63    | Exp . PLUS Exp
   64    | Exp . MINUS Exp
   65    | Exp . STAR Exp
   66    | Exp . DIV Exp
   72    | Exp . LB Exp RB
   73    | Exp . DOT ID
   77    | Exp . ASSIGNOP error
   78    | Exp . AND error
   79    | Exp . OR error
   80    | Exp . RELOP error
   81    | Exp . PLUS error
   82    | Exp . MINUS error
   83    | Exp . STAR error
   84    | Exp . DIV error
   86    | Exp . LB error RB

    ASSIGNOP  偏移，并进入状态 96
    RELOP     偏移，并进入状态 97
    PLUS      偏移，并进入状态 98
    MINUS     偏移，并进入状态 99
    STAR      偏移，并进入状态 100
    DIV       偏移，并进入状态 101
    AND       偏移，并进入状态 102
    OR        偏移，并进入状态 103
    DOT       偏移，并进入状态 104
    RP        偏移，并进入状态 145
    LB        偏移，并进入状态 105


状态 120

   77 Exp: Exp ASSIGNOP error .

    $default  使用规则 77 以归约 (Exp)


状态 121

   59 Exp: Exp . ASSIGNOP Exp
   59    | Exp ASSIGNOP Exp .
   60    | Exp . AND Exp
   61    | Exp . OR Exp
   62    | Exp . RELOP Exp
   63    | Exp . PLUS Exp
   64    | Exp . MINUS Exp
   65    | Exp . STAR Exp
   66    | Exp . DIV Exp
   72    | Exp . LB Exp RB
   73    | Exp . DOT ID
   77    | Exp . ASSIGNOP error
   78    | Exp . AND error
   79    | Exp . OR error
   80    | Exp . RELOP error
   81    | Exp . PLUS error
   82    | Exp . MINUS error
   83    | Exp . STAR error
   84    | Exp . DIV error
   86    | Exp . LB error RB

    ASSIGNOP  偏移，并进入状态 96
    RELOP     偏移，并进入状态 97
    PLUS      偏移，并进入状态 98
    MINUS     偏移，并进入状态 99
    STAR      偏移，并进入状态 100
    DIV       偏移，并进入状态 101
    AND       偏移，并进入状态 102
    OR        偏移，并进入状态 103
    DOT       偏移，并进入状态 104
    LB        偏移，并进入状态 105

    $default  使用规则 59 以归约 (Exp)


状态 122

   80 Exp: Exp RELOP error .

    $default  使用规则 80 以归约 (Exp)


状态 123

   59 Exp: Exp . ASSIGNOP Exp
   60    | Exp . AND Exp
   61    | Exp . OR Exp
   62    | Exp . RELOP Exp
   62    | Exp RELOP Exp .
   63    | Exp . PLUS Exp
   64    | Exp . MINUS Exp
   65    | Exp . STAR Exp
   66    | Exp . DIV Exp
   72    | Exp . LB Exp RB
   73    | Exp . DOT ID
   77    | Exp . ASSIGNOP error
   78    | Exp . AND error
   79    | Exp . OR error
   80    | Exp . RELOP error
   81    | Exp . PLUS error
   82    | Exp . MINUS error
   83    | Exp . STAR error
   84    | Exp . DIV error
   86    | Exp . LB error RB

    PLUS   偏移，并进入状态 98
    MINUS  偏移，并进入状态 99
    STAR   偏移，并进入状态 100
    DIV    偏移，并进入状态 101
    DOT    偏移，并进入状态 104
    LB     偏移，并进入状态 105

    $default  使用规则 62 以归约 (Exp)


状态 124

   81 Exp: Exp PLUS error .

    $default  使用规则 81 以归约 (Exp)


状态 125

   59 Exp: Exp . ASSIGNOP Exp
   60    | Exp . AND Exp
   61    | Exp . OR Exp
   62    | Exp . RELOP Exp
   63    | Exp . PLUS Exp
   63    | Exp PLUS Exp .
   64    | Exp . MINUS Exp
   65    | Exp . STAR Exp
   66    | Exp . DIV Exp
   72    | Exp . LB Exp RB
   73    | Exp . DOT ID
   77    | Exp . ASSIGNOP error
   78    | Exp . AND error
   79    | Exp . OR error
   80    | Exp . RELOP error
   81    | Exp . PLUS error
   82    | Exp . MINUS error
   83    | Exp . STAR error
   84    | Exp . DIV error
   86    | Exp . LB error RB

    STAR  偏移，并进入状态 100
    DIV   偏移，并进入状态 101
    DOT   偏移，并进入状态 104
    LB    偏移，并进入状态 105

    $default  使用规则 63 以归约 (Exp)


状态 126

   82 Exp: Exp MINUS error .

    $default  使用规则 82 以归约 (Exp)


状态 127

   59 Exp: Exp . ASSIGNOP Exp
   60    | Exp . AND Exp
   61    | Exp . OR Exp
   62    | Exp . RELOP Exp
   63    | Exp . PLUS Exp
   64    | Exp . MINUS Exp
   64    | Exp MINUS Exp .
   65    | Exp . STAR Exp
   66    | Exp . DIV Exp
   72    | Exp . LB Exp RB
   73    | Exp . DOT ID
   77    | Exp . ASSIGNOP error
   78    | Exp . AND error
   79    | Exp . OR error
   80    | Exp . RELOP error
   81    | Exp . PLUS error
   82    | Exp . MINUS error
   83    | Exp . STAR error
   84    | Exp . DIV error
   86    | Exp . LB error RB

    STAR  偏移，并进入状态 100
    DIV   偏移，并进入状态 101
    DOT   偏移，并进入状态 104
    LB    偏移，并进入状态 105

    $default  使用规则 64 以归约 (Exp)


状态 128

   83 Exp: Exp STAR error .

    $default  使用规则 83 以归约 (Exp)


状态 129

   59 Exp: Exp . ASSIGNOP Exp
   60    | Exp . AND Exp
   61    | Exp . OR Exp
   62    | Exp . RELOP Exp
   63    | Exp . PLUS Exp
   64    | Exp . MINUS Exp
   65    | Exp . STAR Exp
   65    | Exp STAR Exp .
   66    | Exp . DIV Exp
   72    | Exp . LB Exp RB
   73    | Exp . DOT ID
   77    | Exp . ASSIGNOP error
   78    | Exp . AND error
   79    | Exp . OR error
   80    | Exp . RELOP error
   81    | Exp . PLUS error
   82    | Exp . MINUS error
   83    | Exp . STAR error
   84    | Exp . DIV error
   86    | Exp . LB error RB

    DOT  偏移，并进入状态 104
    LB   偏移，并进入状态 105

    $default  使用规则 65 以归约 (Exp)


状态 130

   84 Exp: Exp DIV error .

    $default  使用规则 84 以归约 (Exp)


状态 131

   59 Exp: Exp . ASSIGNOP Exp
   60    | Exp . AND Exp
   61    | Exp . OR Exp
   62    | Exp . RELOP Exp
   63    | Exp . PLUS Exp
   64    | Exp . MINUS Exp
   65    | Exp . STAR Exp
   66    | Exp . DIV Exp
   66    | Exp DIV Exp .
   72    | Exp . LB Exp RB
   73    | Exp . DOT ID
   77    | Exp . ASSIGNOP error
   78    | Exp . AND error
   79    | Exp . OR error
   80    | Exp . RELOP error
   81    | Exp . PLUS error
   82    | Exp . MINUS error
   83    | Exp . STAR error
   84    | Exp . DIV error
   86    | Exp . LB error RB

    DOT  偏移，并进入状态 104
    LB   偏移，并进入状态 105

    $default  使用规则 66 以归约 (Exp)


状态 132

   78 Exp: Exp AND error .

    $default  使用规则 78 以归约 (Exp)


状态 133

   59 Exp: Exp . ASSIGNOP Exp
   60    | Exp . AND Exp
   60    | Exp AND Exp .
   61    | Exp . OR Exp
   62    | Exp . RELOP Exp
   63    | Exp . PLUS Exp
   64    | Exp . MINUS Exp
   65    | Exp . STAR Exp
   66    | Exp . DIV Exp
   72    | Exp . LB Exp RB
   73    | Exp . DOT ID
   77    | Exp . ASSIGNOP error
   78    | Exp . AND error
   79    | Exp . OR error
   80    | Exp . RELOP error
   81    | Exp . PLUS error
   82    | Exp . MINUS error
   83    | Exp . STAR error
   84    | Exp . DIV error
   86    | Exp . LB error RB

    RELOP  偏移，并进入状态 97
    PLUS   偏移，并进入状态 98
    MINUS  偏移，并进入状态 99
    STAR   偏移，并进入状态 100
    DIV    偏移，并进入状态 101
    DOT    偏移，并进入状态 104
    LB     偏移，并进入状态 105

    $default  使用规则 60 以归约 (Exp)


状态 134

   79 Exp: Exp OR error .

    $default  使用规则 79 以归约 (Exp)


状态 135

   59 Exp: Exp . ASSIGNOP Exp
   60    | Exp . AND Exp
   61    | Exp . OR Exp
   61    | Exp OR Exp .
   62    | Exp . RELOP Exp
   63    | Exp . PLUS Exp
   64    | Exp . MINUS Exp
   65    | Exp . STAR Exp
   66    | Exp . DIV Exp
   72    | Exp . LB Exp RB
   73    | Exp . DOT ID
   77    | Exp . ASSIGNOP error
   78    | Exp . AND error
   79    | Exp . OR error
   80    | Exp . RELOP error
   81    | Exp . PLUS error
   82    | Exp . MINUS error
   83    | Exp . STAR error
   84    | Exp . DIV error
   86    | Exp . LB error RB

    RELOP  偏移，并进入状态 97
    PLUS   偏移，并进入状态 98
    MINUS  偏移，并进入状态 99
    STAR   偏移，并进入状态 100
    DIV    偏移，并进入状态 101
    AND    偏移，并进入状态 102
    DOT    偏移，并进入状态 104
    LB     偏移，并进入状态 105

    $default  使用规则 61 以归约 (Exp)


状态 136

   73 Exp: Exp DOT ID .

    $default  使用规则 73 以归约 (Exp)


状态 137

   86 Exp: Exp LB error . RB

    RB  偏移，并进入状态 146


状态 138

   59 Exp: Exp . ASSIGNOP Exp
   60    | Exp . AND Exp
   61    | Exp . OR Exp
   62    | Exp . RELOP Exp
   63    | Exp . PLUS Exp
   64    | Exp . MINUS Exp
   65    | Exp . STAR Exp
   66    | Exp . DIV Exp
   72    | Exp . LB Exp RB
   72    | Exp LB Exp . RB
   73    | Exp . DOT ID
   77    | Exp . ASSIGNOP error
   78    | Exp . AND error
   79    | Exp . OR error
   80    | Exp . RELOP error
   81    | Exp . PLUS error
   82    | Exp . MINUS error
   83    | Exp . STAR error
   84    | Exp . DIV error
   86    | Exp . LB error RB

    ASSIGNOP  偏移，并进入状态 96
    RELOP     偏移，并进入状态 97
    PLUS      偏移，并进入状态 98
    MINUS     偏移，并进入状态 99
    STAR      偏移，并进入状态 100
    DIV       偏移，并进入状态 101
    AND       偏移，并进入状态 102
    OR        偏移，并进入状态 103
    DOT       偏移，并进入状态 104
    LB        偏移，并进入状态 105
    RB        偏移，并进入状态 147


状态 139

   49 Stmt: error LP Exp RP . Stmt

    error   偏移，并进入状态 64
    INT     偏移，并进入状态 65
    FLOAT   偏移，并进入状态 66
    ID      偏移，并进入状态 67
    MINUS   偏移，并进入状态 68
    NOT     偏移，并进入状态 69
    LP      偏移，并进入状态 70
    LC      偏移，并进入状态 31
    RETURN  偏移，并进入状态 71
    IF      偏移，并进入状态 72
    WHILE   偏移，并进入状态 73

    CompSt  转到状态 74
    Stmt    转到状态 148
    Exp     转到状态 77


状态 140

   85 Exp: ID LP error RP .

    $default  使用规则 85 以归约 (Exp)


状态 141

   87 Args: Exp COMMA . Args

    INT    偏移，并进入状态 65
    FLOAT  偏移，并进入状态 66
    ID     偏移，并进入状态 67
    MINUS  偏移，并进入状态 68
    NOT    偏移，并进入状态 69
    LP     偏移，并进入状态 70

    Exp   转到状态 113
    Args  转到状态 149


状态 142

   70 Exp: ID LP Args RP .

    $default  使用规则 70 以归约 (Exp)


状态 143

   46 Stmt: IF LP error RP . Stmt
   48     | IF LP error RP . ELSE Stmt

    error   偏移，并进入状态 64
    INT     偏移，并进入状态 65
    FLOAT   偏移，并进入状态 66
    ID      偏移，并进入状态 67
    MINUS   偏移，并进入状态 68
    NOT     偏移，并进入状态 69
    LP      偏移，并进入状态 70
    LC      偏移，并进入状态 31
    RETURN  偏移，并进入状态 71
    IF      偏移，并进入状态 72
    ELSE    偏移，并进入状态 150
    WHILE   偏移，并进入状态 73

    CompSt  转到状态 74
    Stmt    转到状态 151
    Exp     转到状态 77


状态 144

   42 Stmt: IF LP Exp RP . Stmt
   43     | IF LP Exp RP . Stmt ELSE Stmt
   47     | IF LP Exp RP . error ELSE Stmt

    error   偏移，并进入状态 152
    INT     偏移，并进入状态 65
    FLOAT   偏移，并进入状态 66
    ID      偏移，并进入状态 67
    MINUS   偏移，并进入状态 68
    NOT     偏移，并进入状态 69
    LP      偏移，并进入状态 70
    LC      偏移，并进入状态 31
    RETURN  偏移，并进入状态 71
    IF      偏移，并进入状态 72
    WHILE   偏移，并进入状态 73

    CompSt  转到状态 74
    Stmt    转到状态 153
    Exp     转到状态 77


状态 145

   44 Stmt: WHILE LP Exp RP . Stmt

    error   偏移，并进入状态 64
    INT     偏移，并进入状态 65
    FLOAT   偏移，并进入状态 66
    ID      偏移，并进入状态 67
    MINUS   偏移，并进入状态 68
    NOT     偏移，并进入状态 69
    LP      偏移，并进入状态 70
    LC      偏移，并进入状态 31
    RETURN  偏移，并进入状态 71
    IF      偏移，并进入状态 72
    WHILE   偏移，并进入状态 73

    CompSt  转到状态 74
    Stmt    转到状态 154
    Exp     转到状态 77


状态 146

   86 Exp: Exp LB error RB .

    $default  使用规则 86 以归约 (Exp)


状态 147

   72 Exp: Exp LB Exp RB .

    $default  使用规则 72 以归约 (Exp)


状态 148

   49 Stmt: error LP Exp RP Stmt .

    $default  使用规则 49 以归约 (Stmt)


状态 149

   87 Args: Exp COMMA Args .

    $default  使用规则 87 以归约 (Args)


状态 150

   48 Stmt: IF LP error RP ELSE . Stmt

    error   偏移，并进入状态 64
    INT     偏移，并进入状态 65
    FLOAT   偏移，并进入状态 66
    ID      偏移，并进入状态 67
    MINUS   偏移，并进入状态 68
    NOT     偏移，并进入状态 69
    LP      偏移，并进入状态 70
    LC      偏移，并进入状态 31
    RETURN  偏移，并进入状态 71
    IF      偏移，并进入状态 72
    WHILE   偏移，并进入状态 73

    CompSt  转到状态 74
    Stmt    转到状态 155
    Exp     转到状态 77


状态 151

   46 Stmt: IF LP error RP Stmt .

    $default  使用规则 46 以归约 (Stmt)


状态 152

   45 Stmt: error . SEMI
   47     | IF LP Exp RP error . ELSE Stmt
   49     | error . LP Exp RP Stmt

    SEMI  偏移，并进入状态 84
    LP    偏移，并进入状态 85
    ELSE  偏移，并进入状态 156


状态 153

   42 Stmt: IF LP Exp RP Stmt .
   43     | IF LP Exp RP Stmt . ELSE Stmt

    ELSE  偏移，并进入状态 157

    $default  使用规则 42 以归约 (Stmt)


状态 154

   44 Stmt: WHILE LP Exp RP Stmt .

    $default  使用规则 44 以归约 (Stmt)


状态 155

   48 Stmt: IF LP error RP ELSE Stmt .

    $default  使用规则 48 以归约 (Stmt)


状态 156

   47 Stmt: IF LP Exp RP error ELSE . Stmt

    error   偏移，并进入状态 64
    INT     偏移，并进入状态 65
    FLOAT   偏移，并进入状态 66
    ID      偏移，并进入状态 67
    MINUS   偏移，并进入状态 68
    NOT     偏移，并进入状态 69
    LP      偏移，并进入状态 70
    LC      偏移，并进入状态 31
    RETURN  偏移，并进入状态 71
    IF      偏移，并进入状态 72
    WHILE   偏移，并进入状态 73

    CompSt  转到状态 74
    Stmt    转到状态 158
    Exp     转到状态 77


状态 157

   43 Stmt: IF LP Exp RP Stmt ELSE . Stmt

    error   偏移，并进入状态 64
    INT     偏移，并进入状态 65
    FLOAT   偏移，并进入状态 66
    ID      偏移，并进入状态 67
    MINUS   偏移，并进入状态 68
    NOT     偏移，并进入状态 69
    LP      偏移，并进入状态 70
    LC      偏移，并进入状态 31
    RETURN  偏移，并进入状态 71
    IF      偏移，并进入状态 72
    WHILE   偏移，并进入状态 73

    CompSt  转到状态 74
    Stmt    转到状态 159
    Exp     转到状态 77


状态 158

   47 Stmt: IF LP Exp RP error ELSE Stmt .

    $default  使用规则 47 以归约 (Stmt)


状态 159

   43 Stmt: IF LP Exp RP Stmt ELSE Stmt .

    $default  使用规则 43 以归约 (Stmt)
